<?xml version="1.0" encoding="UTF-8" ?>
<testsuite failures="0" time="1.572" errors="0" skipped="0" tests="3" name="com.hhjt.hadoop.mrunit.SMSCDRMapperReducerTest">
  <properties>
[...]
</properties>
  <testcase time="1.348" classname="com.hhjt.hadoop.mrunit.SMSCDRMapperReducerTest" name="testReducer"/>
  <testcase time="0.135" classname="com.hhjt.hadoop.mrunit.SMSCDRMapperReducerTest" name="testMapperReducer"/>
  <testcase time="0.089" classname="com.hhjt.hadoop.mrunit.SMSCDRMapperReducerTest" name="testMapper"/>
</testsuite>